<?xml version="1.0" encoding="UTF-8"?>
<coverage generated="1594118634747" clover="3.2.0">
  <project timestamp="1594118634747" name="All files">
    <metrics statements="101" coveredstatements="100" conditionals="16" coveredconditionals="13" methods="14" coveredmethods="14" elements="131" coveredelements="127" complexity="0" loc="101" ncloc="101" packages="1" files="4" classes="4"/>
    <file name="club.testutils.ts" path="/home/saravanan/Downloads/apiserver-VOYA-43/tests/utils/club.testutils.ts">
      <metrics statements="49" coveredstatements="49" conditionals="4" coveredconditionals="4" methods="6" coveredmethods="6"/>
      <line num="1" count="4" type="stmt"/>
      <line num="2" count="4" type="stmt"/>
      <line num="4" count="4" type="stmt"/>
      <line num="9" count="4" type="stmt"/>
      <line num="14" count="4" type="stmt"/>
      <line num="19" count="4" type="stmt"/>
      <line num="24" count="4" type="stmt"/>
      <line num="29" count="4" type="stmt"/>
      <line num="34" count="4" type="stmt"/>
      <line num="40" count="4" type="stmt"/>
      <line num="55" count="4" type="stmt"/>
      <line num="61" count="4" type="stmt"/>
      <line num="74" count="4" type="stmt"/>
      <line num="78" count="16" type="cond" truecount="2" falsecount="0"/>
      <line num="79" count="11" type="stmt"/>
      <line num="82" count="16" type="cond" truecount="2" falsecount="0"/>
      <line num="83" count="11" type="stmt"/>
      <line num="85" count="16" type="stmt"/>
      <line num="91" count="16" type="stmt"/>
      <line num="92" count="16" type="stmt"/>
      <line num="96" count="16" type="stmt"/>
      <line num="97" count="16" type="stmt"/>
      <line num="103" count="16" type="stmt"/>
      <line num="105" count="16" type="stmt"/>
      <line num="109" count="16" type="stmt"/>
      <line num="111" count="16" type="stmt"/>
      <line num="114" count="4" type="stmt"/>
      <line num="115" count="18" type="stmt"/>
      <line num="121" count="18" type="stmt"/>
      <line num="122" count="18" type="stmt"/>
      <line num="126" count="18" type="stmt"/>
      <line num="129" count="4" type="stmt"/>
      <line num="130" count="13" type="stmt"/>
      <line num="131" count="13" type="stmt"/>
      <line num="135" count="13" type="stmt"/>
      <line num="141" count="4" type="stmt"/>
      <line num="145" count="7" type="stmt"/>
      <line num="146" count="7" type="stmt"/>
      <line num="150" count="7" type="stmt"/>
      <line num="155" count="6" type="stmt"/>
      <line num="158" count="4" type="stmt"/>
      <line num="163" count="1" type="stmt"/>
      <line num="164" count="1" type="stmt"/>
      <line num="168" count="1" type="stmt"/>
      <line num="172" count="1" type="stmt"/>
      <line num="175" count="4" type="stmt"/>
      <line num="176" count="2" type="stmt"/>
      <line num="177" count="2" type="stmt"/>
      <line num="181" count="2" type="stmt"/>
    </file>
    <file name="clubmessage.testutils.ts" path="/home/saravanan/Downloads/apiserver-VOYA-43/tests/utils/clubmessage.testutils.ts">
      <metrics statements="15" coveredstatements="15" conditionals="2" coveredconditionals="2" methods="2" coveredmethods="2"/>
      <line num="1" count="1" type="stmt"/>
      <line num="2" count="1" type="stmt"/>
      <line num="4" count="1" type="stmt"/>
      <line num="10" count="1" type="stmt"/>
      <line num="26" count="1" type="cond" truecount="2" falsecount="0"/>
      <line num="27" count="1" type="stmt"/>
      <line num="28" count="1" type="stmt"/>
      <line num="29" count="1" type="stmt"/>
      <line num="41" count="1" type="stmt"/>
      <line num="45" count="1" type="stmt"/>
      <line num="48" count="1" type="stmt"/>
      <line num="52" count="1" type="stmt"/>
      <line num="53" count="1" type="stmt"/>
      <line num="54" count="1" type="stmt"/>
      <line num="55" count="1" type="stmt"/>
    </file>
    <file name="game.testutils.ts" path="/home/saravanan/Downloads/apiserver-VOYA-43/tests/utils/game.testutils.ts">
      <metrics statements="25" coveredstatements="24" conditionals="8" coveredconditionals="5" methods="2" coveredmethods="2"/>
      <line num="1" count="1" type="stmt"/>
      <line num="2" count="1" type="stmt"/>
      <line num="5" count="1" type="stmt"/>
      <line num="37" count="1" type="stmt"/>
      <line num="79" count="1" type="stmt"/>
      <line num="84" count="102" type="stmt"/>
      <line num="91" count="102" type="stmt"/>
      <line num="92" count="102" type="stmt"/>
      <line num="93" count="102" type="stmt"/>
      <line num="94" count="102" type="stmt"/>
      <line num="95" count="102" type="stmt"/>
      <line num="97" count="1" type="stmt"/>
      <line num="102" count="4" type="stmt"/>
      <line num="106" count="4" type="cond" truecount="2" falsecount="0"/>
      <line num="107" count="1" type="stmt"/>
      <line num="108" count="1" type="cond" truecount="1" falsecount="1"/>
      <line num="109" count="1" type="stmt"/>
      <line num="111" count="1" type="cond" truecount="1" falsecount="1"/>
      <line num="112" count="0" type="stmt"/>
      <line num="114" count="1" type="cond" truecount="1" falsecount="1"/>
      <line num="115" count="1" type="stmt"/>
      <line num="119" count="4" type="stmt"/>
      <line num="123" count="4" type="stmt"/>
      <line num="124" count="4" type="stmt"/>
      <line num="125" count="4" type="stmt"/>
    </file>
    <file name="utils.ts" path="/home/saravanan/Downloads/apiserver-VOYA-43/tests/utils/utils.ts">
      <metrics statements="12" coveredstatements="12" conditionals="2" coveredconditionals="2" methods="4" coveredmethods="4"/>
      <line num="1" count="5" type="stmt"/>
      <line num="2" count="5" type="stmt"/>
      <line num="3" count="5" type="stmt"/>
      <line num="5" count="5" type="stmt"/>
      <line num="6" count="305" type="stmt"/>
      <line num="10" count="310" type="cond" truecount="2" falsecount="0"/>
      <line num="11" count="271" type="stmt"/>
      <line num="19" count="6" type="stmt"/>
      <line num="24" count="5" type="stmt"/>
      <line num="25" count="7" type="stmt"/>
      <line num="26" count="7" type="stmt"/>
      <line num="31" count="7" type="stmt"/>
    </file>
  </project>
</coverage>
