{"/home/saravanan/Downloads/apiserver-VOYA-43/tests/utils/club.testutils.ts": {"path":"/home/saravanan/Downloads/apiserver-VOYA-43/tests/utils/club.testutils.ts","statementMap":{"0":{"start":{"line":1,"column":0},"end":{"line":1,"column":49}},"1":{"start":{"line":2,"column":0},"end":{"line":2,"column":33}},"2":{"start":{"line":4,"column":13},"end":{"line":8,"column":2}},"3":{"start":{"line":9,"column":13},"end":{"line":13,"column":2}},"4":{"start":{"line":14,"column":13},"end":{"line":18,"column":2}},"5":{"start":{"line":19,"column":13},"end":{"line":23,"column":2}},"6":{"start":{"line":24,"column":13},"end":{"line":28,"column":2}},"7":{"start":{"line":29,"column":13},"end":{"line":33,"column":2}},"8":{"start":{"line":34,"column":13},"end":{"line":38,"column":2}},"9":{"start":{"line":40,"column":13},"end":{"line":53,"column":2}},"10":{"start":{"line":55,"column":13},"end":{"line":59,"column":2}},"11":{"start":{"line":61,"column":21},"end":{"line":69,"column":2}},"12":{"start":{"line":78,"column":2},"end":{"line":80,"column":null}},"13":{"start":{"line":79,"column":4},"end":{"line":79,"column":20}},"14":{"start":{"line":82,"column":2},"end":{"line":84,"column":null}},"15":{"start":{"line":83,"column":4},"end":{"line":83,"column":17}},"16":{"start":{"line":85,"column":21},"end":{"line":90,"column":4}},"17":{"start":{"line":91,"column":17},"end":{"line":91,"column":28}},"18":{"start":{"line":92,"column":13},"end":{"line":95,"column":4}},"19":{"start":{"line":96,"column":18},"end":{"line":96,"column":36}},"20":{"start":{"line":97,"column":20},"end":{"line":102,"column":4}},"21":{"start":{"line":103,"column":22},"end":{"line":103,"column":40}},"22":{"start":{"line":105,"column":2},"end":{"line":108,"column":5}},"23":{"start":{"line":109,"column":17},"end":{"line":109,"column":33}},"24":{"start":{"line":111,"column":2},"end":{"line":111,"column":27}},"25":{"start":{"line":74,"column":0},"end":{"line":74,"column":7}},"26":{"start":{"line":115,"column":20},"end":{"line":120,"column":4}},"27":{"start":{"line":121,"column":17},"end":{"line":121,"column":28}},"28":{"start":{"line":122,"column":15},"end":{"line":125,"column":4}},"29":{"start":{"line":126,"column":2},"end":{"line":126,"column":28}},"30":{"start":{"line":114,"column":0},"end":{"line":114,"column":7}},"31":{"start":{"line":130,"column":23},"end":{"line":130,"column":42}},"32":{"start":{"line":131,"column":20},"end":{"line":133,"column":4}},"33":{"start":{"line":135,"column":2},"end":{"line":138,"column":5}},"34":{"start":{"line":129,"column":0},"end":{"line":129,"column":7}},"35":{"start":{"line":145,"column":23},"end":{"line":145,"column":42}},"36":{"start":{"line":146,"column":20},"end":{"line":148,"column":4}},"37":{"start":{"line":150,"column":15},"end":{"line":153,"column":4}},"38":{"start":{"line":155,"column":2},"end":{"line":155,"column":27}},"39":{"start":{"line":141,"column":0},"end":{"line":141,"column":7}},"40":{"start":{"line":163,"column":22},"end":{"line":163,"column":40}},"41":{"start":{"line":164,"column":20},"end":{"line":167,"column":4}},"42":{"start":{"line":168,"column":15},"end":{"line":171,"column":4}},"43":{"start":{"line":172,"column":2},"end":{"line":172,"column":44}},"44":{"start":{"line":158,"column":0},"end":{"line":158,"column":7}},"45":{"start":{"line":176,"column":23},"end":{"line":176,"column":42}},"46":{"start":{"line":177,"column":15},"end":{"line":179,"column":4}},"47":{"start":{"line":181,"column":2},"end":{"line":181,"column":25}},"48":{"start":{"line":175,"column":0},"end":{"line":175,"column":7}}},"fnMap":{"0":{"name":"createClub","decl":{"start":{"line":74,"column":22},"end":{"line":74,"column":32}},"loc":{"start":{"line":76,"column":15},"end":{"line":112,"column":1}}},"1":{"name":"createPlayer","decl":{"start":{"line":114,"column":22},"end":{"line":114,"column":34}},"loc":{"start":{"line":114,"column":65},"end":{"line":127,"column":1}}},"2":{"name":"playerJoinsClub","decl":{"start":{"line":129,"column":22},"end":{"line":129,"column":37}},"loc":{"start":{"line":129,"column":70},"end":{"line":139,"column":1}}},"3":{"name":"getClubMembers","decl":{"start":{"line":141,"column":22},"end":{"line":141,"column":36}},"loc":{"start":{"line":143,"column":16},"end":{"line":156,"column":1}}},"4":{"name":"approvePlayer","decl":{"start":{"line":158,"column":22},"end":{"line":158,"column":35}},"loc":{"start":{"line":161,"column":18},"end":{"line":173,"column":1}}},"5":{"name":"getMyClubs","decl":{"start":{"line":175,"column":22},"end":{"line":175,"column":32}},"loc":{"start":{"line":175,"column":49},"end":{"line":182,"column":1}}}},"branchMap":{"0":{"loc":{"start":{"line":78,"column":2},"end":{"line":80,"column":null}},"type":"if","locations":[{"start":{"line":78,"column":2},"end":{"line":80,"column":null}},{"start":{"line":78,"column":2},"end":{"line":80,"column":null}}]},"1":{"loc":{"start":{"line":82,"column":2},"end":{"line":84,"column":null}},"type":"if","locations":[{"start":{"line":82,"column":2},"end":{"line":84,"column":null}},{"start":{"line":82,"column":2},"end":{"line":84,"column":null}}]}},"s":{"0":4,"1":4,"2":4,"3":4,"4":4,"5":4,"6":4,"7":4,"8":4,"9":4,"10":4,"11":4,"12":16,"13":11,"14":16,"15":11,"16":16,"17":16,"18":16,"19":16,"20":16,"21":16,"22":16,"23":16,"24":16,"25":4,"26":18,"27":18,"28":18,"29":18,"30":4,"31":13,"32":13,"33":13,"34":4,"35":7,"36":7,"37":7,"38":6,"39":4,"40":1,"41":1,"42":1,"43":1,"44":4,"45":2,"46":2,"47":2,"48":4},"f":{"0":16,"1":18,"2":13,"3":7,"4":1,"5":2},"b":{"0":[11,5],"1":[11,5]}}
,"/home/saravanan/Downloads/apiserver-VOYA-43/tests/utils/clubmessage.testutils.ts": {"path":"/home/saravanan/Downloads/apiserver-VOYA-43/tests/utils/clubmessage.testutils.ts","statementMap":{"0":{"start":{"line":1,"column":0},"end":{"line":1,"column":34}},"1":{"start":{"line":2,"column":0},"end":{"line":2,"column":33}},"2":{"start":{"line":4,"column":13},"end":{"line":8,"column":2}},"3":{"start":{"line":10,"column":13},"end":{"line":24,"column":2}},"4":{"start":{"line":26,"column":0},"end":{"line":26,"column":null}},"5":{"start":{"line":27,"column":2},"end":{"line":27,"column":null}},"6":{"start":{"line":28,"column":2},"end":{"line":28,"column":null}},"7":{"start":{"line":29,"column":2},"end":{"line":29,"column":null}},"8":{"start":{"line":45,"column":25},"end":{"line":47,"column":4}},"9":{"start":{"line":48,"column":15},"end":{"line":51,"column":4}},"10":{"start":{"line":52,"column":2},"end":{"line":52,"column":38}},"11":{"start":{"line":53,"column":2},"end":{"line":53,"column":35}},"12":{"start":{"line":54,"column":2},"end":{"line":54,"column":25}},"13":{"start":{"line":55,"column":2},"end":{"line":55,"column":31}},"14":{"start":{"line":41,"column":0},"end":{"line":41,"column":7}}},"fnMap":{"0":{"name":"(anonymous_0)","decl":{"start":{"line":26,"column":0},"end":{"line":26,"column":5}},"loc":{"start":{"line":26,"column":20},"end":{"line":30,"column":1}}},"1":{"name":"getClubMessage","decl":{"start":{"line":41,"column":22},"end":{"line":41,"column":36}},"loc":{"start":{"line":43,"column":18},"end":{"line":56,"column":1}}}},"branchMap":{"0":{"loc":{"start":{"line":26,"column":5},"end":{"line":26,"column":20}},"type":"binary-expr","locations":[{"start":{"line":26,"column":5},"end":{"line":26,"column":20}},{"start":{"line":26,"column":5},"end":{"line":26,"column":null}}]}},"s":{"0":1,"1":1,"2":1,"3":1,"4":1,"5":1,"6":1,"7":1,"8":1,"9":1,"10":1,"11":1,"12":1,"13":1,"14":1},"f":{"0":1,"1":1},"b":{"0":[1,1]}}
,"/home/saravanan/Downloads/apiserver-VOYA-43/tests/utils/game.testutils.ts": {"path":"/home/saravanan/Downloads/apiserver-VOYA-43/tests/utils/game.testutils.ts","statementMap":{"0":{"start":{"line":1,"column":0},"end":{"line":1,"column":49}},"1":{"start":{"line":2,"column":0},"end":{"line":2,"column":33}},"2":{"start":{"line":5,"column":13},"end":{"line":35,"column":2}},"3":{"start":{"line":37,"column":13},"end":{"line":49,"column":2}},"4":{"start":{"line":84,"column":15},"end":{"line":90,"column":4}},"5":{"start":{"line":91,"column":2},"end":{"line":91,"column":38}},"6":{"start":{"line":92,"column":2},"end":{"line":92,"column":35}},"7":{"start":{"line":93,"column":22},"end":{"line":93,"column":43}},"8":{"start":{"line":94,"column":2},"end":{"line":94,"column":37}},"9":{"start":{"line":95,"column":2},"end":{"line":95,"column":21}},"10":{"start":{"line":79,"column":0},"end":{"line":79,"column":7}},"11":{"start":{"line":102,"column":25},"end":{"line":104,"column":4}},"12":{"start":{"line":106,"column":2},"end":{"line":117,"column":null}},"13":{"start":{"line":107,"column":4},"end":{"line":107,"column":24}},"14":{"start":{"line":108,"column":4},"end":{"line":110,"column":null}},"15":{"start":{"line":109,"column":6},"end":{"line":109,"column":44}},"16":{"start":{"line":111,"column":4},"end":{"line":113,"column":null}},"17":{"start":{"line":112,"column":6},"end":{"line":112,"column":44}},"18":{"start":{"line":114,"column":4},"end":{"line":116,"column":null}},"19":{"start":{"line":115,"column":6},"end":{"line":115,"column":46}},"20":{"start":{"line":119,"column":15},"end":{"line":122,"column":4}},"21":{"start":{"line":123,"column":2},"end":{"line":123,"column":38}},"22":{"start":{"line":124,"column":2},"end":{"line":124,"column":35}},"23":{"start":{"line":125,"column":2},"end":{"line":125,"column":29}},"24":{"start":{"line":97,"column":0},"end":{"line":97,"column":7}}},"fnMap":{"0":{"name":"startGame","decl":{"start":{"line":79,"column":22},"end":{"line":79,"column":31}},"loc":{"start":{"line":82,"column":22},"end":{"line":96,"column":1}}},"1":{"name":"getClubGames","decl":{"start":{"line":97,"column":22},"end":{"line":97,"column":34}},"loc":{"start":{"line":100,"column":55},"end":{"line":126,"column":1}}}},"branchMap":{"0":{"loc":{"start":{"line":106,"column":2},"end":{"line":117,"column":null}},"type":"if","locations":[{"start":{"line":106,"column":2},"end":{"line":117,"column":null}},{"start":{"line":106,"column":2},"end":{"line":117,"column":null}}]},"1":{"loc":{"start":{"line":108,"column":4},"end":{"line":110,"column":null}},"type":"if","locations":[{"start":{"line":108,"column":4},"end":{"line":110,"column":null}},{"start":{"line":108,"column":4},"end":{"line":110,"column":null}}]},"2":{"loc":{"start":{"line":111,"column":4},"end":{"line":113,"column":null}},"type":"if","locations":[{"start":{"line":111,"column":4},"end":{"line":113,"column":null}},{"start":{"line":111,"column":4},"end":{"line":113,"column":null}}]},"3":{"loc":{"start":{"line":114,"column":4},"end":{"line":116,"column":null}},"type":"if","locations":[{"start":{"line":114,"column":4},"end":{"line":116,"column":null}},{"start":{"line":114,"column":4},"end":{"line":116,"column":null}}]}},"s":{"0":1,"1":1,"2":1,"3":1,"4":102,"5":102,"6":102,"7":102,"8":102,"9":102,"10":1,"11":4,"12":4,"13":1,"14":1,"15":1,"16":1,"17":0,"18":1,"19":1,"20":4,"21":4,"22":4,"23":4,"24":1},"f":{"0":102,"1":4},"b":{"0":[1,3],"1":[1,0],"2":[0,1],"3":[1,0]}}
,"/home/saravanan/Downloads/apiserver-VOYA-43/tests/utils/utils.ts": {"path":"/home/saravanan/Downloads/apiserver-VOYA-43/tests/utils/utils.ts","statementMap":{"0":{"start":{"line":1,"column":0},"end":{"line":1,"column":58}},"1":{"start":{"line":2,"column":14},"end":{"line":2,"column":35}},"2":{"start":{"line":3,"column":13},"end":{"line":3,"column":32}},"3":{"start":{"line":6,"column":2},"end":{"line":21,"column":5}},"4":{"start":{"line":10,"column":6},"end":{"line":16,"column":null}},"5":{"start":{"line":11,"column":8},"end":{"line":15,"column":11}},"6":{"start":{"line":19,"column":6},"end":{"line":19,"column":21}},"7":{"start":{"line":5,"column":0},"end":{"line":5,"column":16}},"8":{"start":{"line":25,"column":17},"end":{"line":25,"column":39}},"9":{"start":{"line":26,"column":18},"end":{"line":30,"column":4}},"10":{"start":{"line":31,"column":2},"end":{"line":33,"column":5}},"11":{"start":{"line":24,"column":0},"end":{"line":24,"column":7}}},"fnMap":{"0":{"name":"getClient","decl":{"start":{"line":5,"column":16},"end":{"line":5,"column":25}},"loc":{"start":{"line":5,"column":55},"end":{"line":22,"column":1}}},"1":{"name":"(anonymous_7)","decl":{"start":{"line":9,"column":13},"end":{"line":9,"column":22}},"loc":{"start":{"line":9,"column":25},"end":{"line":17,"column":5}}},"2":{"name":"(anonymous_8)","decl":{"start":{"line":18,"column":13},"end":{"line":18,"column":14}},"loc":{"start":{"line":18,"column":17},"end":{"line":20,"column":5}}},"3":{"name":"resetDatabase","decl":{"start":{"line":24,"column":22},"end":{"line":24,"column":35}},"loc":{"start":{"line":24,"column":35},"end":{"line":34,"column":1}}}},"branchMap":{"0":{"loc":{"start":{"line":10,"column":6},"end":{"line":16,"column":null}},"type":"if","locations":[{"start":{"line":10,"column":6},"end":{"line":16,"column":null}},{"start":{"line":10,"column":6},"end":{"line":16,"column":null}}]}},"s":{"0":5,"1":5,"2":5,"3":305,"4":310,"5":271,"6":6,"7":5,"8":7,"9":7,"10":7,"11":5},"f":{"0":305,"1":310,"2":6,"3":7},"b":{"0":[271,39]}}
}
