TN:
SF:tests/utils/club.testutils.ts
FN:74,createClub
FN:114,createPlayer
FN:129,playerJoinsClub
FN:141,getClubMembers
FN:158,approvePlayer
FN:175,getMyClubs
FNF:6
FNH:6
FNDA:16,createClub
FNDA:18,createPlayer
FNDA:13,playerJoinsClub
FNDA:7,getClubMembers
FNDA:1,approvePlayer
FNDA:2,getMyClubs
DA:1,4
DA:2,4
DA:4,4
DA:9,4
DA:14,4
DA:19,4
DA:24,4
DA:29,4
DA:34,4
DA:40,4
DA:55,4
DA:61,4
DA:74,4
DA:78,16
DA:79,11
DA:82,16
DA:83,11
DA:85,16
DA:91,16
DA:92,16
DA:96,16
DA:97,16
DA:103,16
DA:105,16
DA:109,16
DA:111,16
DA:114,4
DA:115,18
DA:121,18
DA:122,18
DA:126,18
DA:129,4
DA:130,13
DA:131,13
DA:135,13
DA:141,4
DA:145,7
DA:146,7
DA:150,7
DA:155,6
DA:158,4
DA:163,1
DA:164,1
DA:168,1
DA:172,1
DA:175,4
DA:176,2
DA:177,2
DA:181,2
LF:49
LH:49
BRDA:78,0,0,11
BRDA:78,0,1,5
BRDA:82,1,0,11
BRDA:82,1,1,5
BRF:4
BRH:4
end_of_record
TN:
SF:tests/utils/clubmessage.testutils.ts
FN:26,(anonymous_0)
FN:41,getClubMessage
FNF:2
FNH:2
FNDA:1,(anonymous_0)
FNDA:1,getClubMessage
DA:1,1
DA:2,1
DA:4,1
DA:10,1
DA:26,1
DA:27,1
DA:28,1
DA:29,1
DA:41,1
DA:45,1
DA:48,1
DA:52,1
DA:53,1
DA:54,1
DA:55,1
LF:15
LH:15
BRDA:26,0,0,1
BRDA:26,0,1,1
BRF:2
BRH:2
end_of_record
TN:
SF:tests/utils/game.testutils.ts
FN:79,startGame
FN:97,getClubGames
FNF:2
FNH:2
FNDA:102,startGame
FNDA:4,getClubGames
DA:1,1
DA:2,1
DA:5,1
DA:37,1
DA:79,1
DA:84,102
DA:91,102
DA:92,102
DA:93,102
DA:94,102
DA:95,102
DA:97,1
DA:102,4
DA:106,4
DA:107,1
DA:108,1
DA:109,1
DA:111,1
DA:112,0
DA:114,1
DA:115,1
DA:119,4
DA:123,4
DA:124,4
DA:125,4
LF:25
LH:24
BRDA:106,0,0,1
BRDA:106,0,1,3
BRDA:108,1,0,1
BRDA:108,1,1,0
BRDA:111,2,0,0
BRDA:111,2,1,1
BRDA:114,3,0,1
BRDA:114,3,1,0
BRF:8
BRH:5
end_of_record
TN:
SF:tests/utils/utils.ts
FN:5,getClient
FN:9,(anonymous_7)
FN:18,(anonymous_8)
FN:24,resetDatabase
FNF:4
FNH:4
FNDA:305,getClient
FNDA:310,(anonymous_7)
FNDA:6,(anonymous_8)
FNDA:7,resetDatabase
DA:1,5
DA:2,5
DA:3,5
DA:5,5
DA:6,305
DA:10,310
DA:11,271
DA:19,6
DA:24,5
DA:25,7
DA:26,7
DA:31,7
LF:12
LH:12
BRDA:10,0,0,271
BRDA:10,0,1,39
BRF:2
BRH:2
end_of_record
